<?xml version="1.0" encoding="UTF-8"?>
<testng-results ignored="0" total="2" passed="2" failed="0" skipped="0">
  <reporter-output>
  </reporter-output>
  <suite started-at="2021-08-04T18:53:08 IST" name="Default suite" finished-at="2021-08-04T18:53:08 IST" duration-ms="39">
    <groups>
    </groups>
    <test started-at="2021-08-04T18:53:08 IST" name="Default test" finished-at="2021-08-04T18:53:08 IST" duration-ms="39">
      <class name="qaclickacademy.Mavenjava.MobileApplicationTest">
        <test-method signature="Mobiletestcase1()[pri:0, instance:qaclickacademy.Mavenjava.MobileApplicationTest@343570b7]" started-at="2021-08-04T18:53:08 IST" name="Mobiletestcase1" finished-at="2021-08-04T18:53:08 IST" duration-ms="8" status="PASS">
          <reporter-output>
          </reporter-output>
        </test-method> <!-- Mobiletestcase1 -->
        <test-method signature="Mobiletestcase2()[pri:0, instance:qaclickacademy.Mavenjava.MobileApplicationTest@343570b7]" started-at="2021-08-04T18:53:08 IST" name="Mobiletestcase2" finished-at="2021-08-04T18:53:08 IST" duration-ms="1" status="PASS">
          <reporter-output>
          </reporter-output>
        </test-method> <!-- Mobiletestcase2 -->
      </class> <!-- qaclickacademy.Mavenjava.MobileApplicationTest -->
    </test> <!-- Default test -->
  </suite> <!-- Default suite -->
</testng-results>
